#
# A fatal error has been detected by the Java Runtime Environment:
#
#  EXCEPTION_ACCESS_VIOLATION (0xc0000005) at pc=0x000000007110b5db, pid=6416, tid=9072
#
# JRE version: Java(TM) SE Runtime Environment (15.0.1+9) (build 15.0.1+9-18)
# Java VM: Java HotSpot(TM) 64-Bit Server VM (15.0.1+9-18, mixed mode, sharing, tiered, compressed oops, g1 gc, windows-amd64)
# Problematic frame:
# C  [jSSC-2.8_x86_64.dll+0xb5db]
#
# No core dump will be written. Minidumps are not enabled by default on client versions of Windows
#
# If you would like to submit a bug report, please visit:
#   https://bugreport.java.com/bugreport/crash.jsp
# The crash happened outside the Java Virtual Machine in native code.
# See problematic frame for where to report the bug.
#

---------------  S U M M A R Y ------------

Command Line: -Dfile.encoding=UTF-8 --module-path=C:\Users\thoma\OneDrive\Desktop\SCUOLA\prova_Comunicazione2\build\classes prova_comunicazione2.Prova_Comunicazione2

Host: AMD A8-9600 RADEON R7, 10 COMPUTE CORES 4C+6G  , 4 cores, 6G,  Windows 10 , 64 bit Build 19041 (10.0.19041.928)
Time: Thu May 13 10:57:16 2021 ora legale Europa occidentale elapsed time: 6.775110 seconds (0d 0h 0m 6s)

---------------  T H R E A D  ---------------

Current thread (0x0000017e07f5eba0):  JavaThread "main" [_thread_in_native, id=9072, stack(0x000000761d600000,0x000000761d700000)]

Stack: [0x000000761d600000,0x000000761d700000],  sp=0x000000761d6feeb0,  free space=1019k
Native frames: (J=compiled Java code, j=interpreted, Vv=VM code, C=native code)
C  [jSSC-2.8_x86_64.dll+0xb5db]

Java frames: (J=compiled Java code, j=interpreted, Vv=VM code)
J 837  jssc.SerialNativeInterface.openPort(Ljava/lang/String;Z)J (0 bytes) @ 0x0000017e1948cb7f [0x0000017e1948cb20+0x000000000000005f]
J 836 c1 jssc.SerialPort.openPort()Z (205 bytes) @ 0x0000017e1204cf9c [0x0000017e1204c7c0+0x00000000000007dc]
j  prova_comunicazione2.Serial.serialEvent(Ljssc/SerialPortEvent;)V+12
j  prova_comunicazione2.Prova_Comunicazione2.main([Ljava/lang/String;)V+22
v  ~StubRoutines::call_stub

siginfo: EXCEPTION_ACCESS_VIOLATION (0xc0000005), reading address 0x0000000008041b7e


Register to memory mapping:

RIP=0x000000007110b5db jSSC-2.8_x86_64.dll
RAX=0x0000000008041b7e is an unknown value
RBX=0x000000761d6fef20 is pointing into the stack for thread: 0x0000017e07f5eba0
RCX=0x00007ffe8cc8cf04 ntdll.dll
RDX=0x0 is NULL
RSP=0x000000761d6feeb0 is pointing into the stack for thread: 0x0000017e07f5eba0
RBP=0x000000761d6ff030 is pointing into the stack for thread: 0x0000017e07f5eba0
RSI=0x0000017e07f5eec8 points into unknown readable memory: 0x00007ffe3597de40 | 40 de 97 35 fe 7f 00 00
RDI=0x0000000000000460 is an unknown value
R8 =0x000000761d6feda8 is pointing into the stack for thread: 0x0000017e07f5eba0
R9 =0x000000761d6feea0 is pointing into the stack for thread: 0x0000017e07f5eba0
R10=0x0 is NULL
R11=0x0000000000000246 is an unknown value
R12=0x000000761d6ff068 is pointing into the stack for thread: 0x0000017e07f5eba0
R13=0x0000017e28943bc0 points into unknown readable memory: 0x00006800334d4f43 | 43 4f 4d 33 00 68 00 00
R14=0x000000761d6fefe0 is pointing into the stack for thread: 0x0000017e07f5eba0
R15=0x0000017e07f5eba0 is a thread


Registers:
RAX=0x0000000008041b7e, RBX=0x000000761d6fef20, RCX=0x00007ffe8cc8cf04, RDX=0x0000000000000000
RSP=0x000000761d6feeb0, RBP=0x000000761d6ff030, RSI=0x0000017e07f5eec8, RDI=0x0000000000000460
R8 =0x000000761d6feda8, R9 =0x000000761d6feea0, R10=0x0000000000000000, R11=0x0000000000000246
R12=0x000000761d6ff068, R13=0x0000017e28943bc0, R14=0x000000761d6fefe0, R15=0x0000017e07f5eba0
RIP=0x000000007110b5db, EFLAGS=0x0000000000010202

Top of Stack: (sp=0x000000761d6feeb0)
0x000000761d6feeb0:   0000017e282af840 0000017e289437f0
0x000000761d6feec0:   000000007110b230 0000017e07d20000
0x000000761d6feed0:   0000017e07d00000 0000000000000004
0x000000761d6feee0:   0000017e07f5eec8 0000000000000460
0x000000761d6feef0:   000000761d6ff030 0000000071112590
0x000000761d6fef00:   0000017e07f5eba0 000000761d6fefe0
0x000000761d6fef10:   0000017e28943bc0 000000761d6ff068
0x000000761d6fef20:   0000017e28943bc0 00007ffe8cc147b1
0x000000761d6fef30:   000000761d6fef60 0000017e07d20000
0x000000761d6fef40:   000000761d6ff030 0000000000000000
0x000000761d6fef50:   0000000071113500 0000000071113be8
0x000000761d6fef60:   000000761d6fef90 0000000071112641
0x000000761d6fef70:   000000761d6fef00 0000017e07f5eec8
0x000000761d6fef80:   0000000000000000 0000000000000000
0x000000761d6fef90:   000000761d6ff030 0000000071101595
0x000000761d6fefa0:   000000000000001c 0000017e00000000 

Instructions: (pc=0x000000007110b5db)
0x000000007110b4db:   48 85 c0 74 bf 44 8b 03 45 85 c0 0f 84 77 ff ff
0x000000007110b4eb:   ff eb 9f 66 90 e8 8b fe ff ff 48 89 05 0c 34 01
0x000000007110b4fb:   00 eb ad 66 90 e8 7b fe ff ff 48 89 05 fc 33 01
0x000000007110b50b:   00 eb 8b e8 8d fe ff ff c7 03 01 00 00 00 e9 6f
0x000000007110b51b:   ff ff ff 66 90 55 48 89 e5 56 53 48 83 ec 20 48
0x000000007110b52b:   8b 05 d7 33 01 00 48 8b 31 48 89 cb 48 85 c0 74
0x000000007110b53b:   56 44 8b 18 45 85 db 78 42 48 8b 05 bd 33 01 00
0x000000007110b54b:   48 85 c0 74 50 44 8b 10 45 85 d2 74 1d 48 89 f1
0x000000007110b55b:   e8 d0 fd ff ff 48 8b 13 48 8d 42 40 48 8b 48 08
0x000000007110b56b:   48 8b 6a 40 48 8b 60 10 ff e1 48 8b 05 9c 33 01
0x000000007110b57b:   00 48 85 c0 74 2d 48 89 30 eb da e8 b5 fe ff ff
0x000000007110b58b:   0f 1f 44 00 00 eb b2 e8 e9 fd ff ff 48 89 05 6a
0x000000007110b59b:   33 01 00 eb 9c e8 db fd ff ff 48 89 05 5c 33 01
0x000000007110b5ab:   00 eb a2 e8 3d fd ff ff 48 89 05 5e 33 01 00 eb
0x000000007110b5bb:   c5 0f 1f 40 00 55 57 56 53 48 83 ec 28 48 8b 05
0x000000007110b5cb:   39 33 01 00 48 89 cb 48 85 c0 0f 84 c5 00 00 00
0x000000007110b5db:   8b 38 85 ff 0f 88 ab 00 00 00 48 8b 05 1c 33 01
0x000000007110b5eb:   00 48 85 c0 0f 84 bc 00 00 00 8b 30 85 f6 74 57
0x000000007110b5fb:   48 8b 05 0e 33 01 00 48 85 c0 0f 84 e5 00 00 00
0x000000007110b60b:   8b 28 48 8b 35 10 5e 01 00 ff d6 89 c7 89 e9 ff
0x000000007110b61b:   15 f4 5e 01 00 89 f9 48 89 c5 ff 15 b9 5e 01 00
0x000000007110b62b:   48 8b 05 de 32 01 00 48 89 2b 48 85 c0 74 46 48
0x000000007110b63b:   89 da 8b 08 ff 15 d7 5e 01 00 85 c0 74 27 48 83
0x000000007110b64b:   c4 28 5b 5e 5f 5d c3 48 8b 05 bf 32 01 00 48 85
0x000000007110b65b:   c0 74 64 48 8b 10 48 89 13 48 89 18 48 83 c4 28
0x000000007110b66b:   5b 5e 5f 5d c3 48 89 f2 48 83 c4 28 5b 5e 5f 5d
0x000000007110b67b:   48 ff e2 66 90 e8 8b fc ff ff 48 89 05 84 32 01
0x000000007110b68b:   00 eb ac 66 90 e8 ab fd ff ff e9 4b ff ff ff 66
0x000000007110b69b:   0f 1f 44 00 00 e8 db fc ff ff 48 89 05 5c 32 01
0x000000007110b6ab:   00 e9 2a ff ff ff e8 ca fc ff ff 48 89 05 4b 32
0x000000007110b6bb:   01 00 e9 33 ff ff ff e8 29 fc ff ff 48 89 05 4a
0x000000007110b6cb:   32 01 00 48 8b 10 48 85 c0 48 89 13 75 8b e8 12 


Stack slot to memory mapping:
stack at sp + 0 slots: 0x0000017e282af840 points into unknown readable memory: 0x005c002e005c005c | 5c 00 5c 00 2e 00 5c 00
stack at sp + 1 slots: 0x0000017e289437f0 points into unknown readable memory: 0x0000017e282b0b40 | 40 0b 2b 28 7e 01 00 00
stack at sp + 2 slots: 0x000000007110b230 jSSC-2.8_x86_64.dll
stack at sp + 3 slots: 0x0000017e07d20000 points into unknown readable memory: 0x0000000000000000 | 00 00 00 00 00 00 00 00
stack at sp + 4 slots: 0x0000017e07d00000 points into unknown readable memory: 0x0000000000000000 | 00 00 00 00 00 00 00 00
stack at sp + 5 slots: 0x0000000000000004 is an unknown value
stack at sp + 6 slots: 0x0000017e07f5eec8 points into unknown readable memory: 0x00007ffe3597de40 | 40 de 97 35 fe 7f 00 00
stack at sp + 7 slots: 0x0000000000000460 is an unknown value


---------------  P R O C E S S  ---------------

Threads class SMR info:
_java_thread_list=0x0000017e282e59d0, length=11, elements={
0x0000017e07f5eba0, 0x0000017e277a10c0, 0x0000017e277a1c90, 0x0000017e277b4ca0,
0x0000017e277b8680, 0x0000017e277b9040, 0x0000017e277c3420, 0x0000017e277cb230,
0x0000017e277ce320, 0x0000017e2779ee70, 0x0000017e28296e00
}

Java Threads: ( => current thread )
=>0x0000017e07f5eba0 JavaThread "main" [_thread_in_native, id=9072, stack(0x000000761d600000,0x000000761d700000)]
  0x0000017e277a10c0 JavaThread "Reference Handler" daemon [_thread_blocked, id=1804, stack(0x000000761dd00000,0x000000761de00000)]
  0x0000017e277a1c90 JavaThread "Finalizer" daemon [_thread_blocked, id=9224, stack(0x000000761de00000,0x000000761df00000)]
  0x0000017e277b4ca0 JavaThread "Signal Dispatcher" daemon [_thread_blocked, id=9188, stack(0x000000761df00000,0x000000761e000000)]
  0x0000017e277b8680 JavaThread "Attach Listener" daemon [_thread_blocked, id=2272, stack(0x000000761e000000,0x000000761e100000)]
  0x0000017e277b9040 JavaThread "Service Thread" daemon [_thread_blocked, id=8464, stack(0x000000761e100000,0x000000761e200000)]
  0x0000017e277c3420 JavaThread "C2 CompilerThread0" daemon [_thread_blocked, id=588, stack(0x000000761e200000,0x000000761e300000)]
  0x0000017e277cb230 JavaThread "C1 CompilerThread0" daemon [_thread_blocked, id=9800, stack(0x000000761e300000,0x000000761e400000)]
  0x0000017e277ce320 JavaThread "Sweeper thread" daemon [_thread_blocked, id=13552, stack(0x000000761e400000,0x000000761e500000)]
  0x0000017e2779ee70 JavaThread "Common-Cleaner" daemon [_thread_blocked, id=1796, stack(0x000000761e500000,0x000000761e600000)]
  0x0000017e28296e00 JavaThread "Notification Thread" daemon [_thread_blocked, id=396, stack(0x000000761e600000,0x000000761e700000)]

Other Threads:
  0x0000017e0803ac00 VMThread "VM Thread" [stack: 0x000000761dc00000,0x000000761dd00000] [id=13412]
  0x0000017e28332b20 WatcherThread [stack: 0x000000761e700000,0x000000761e800000] [id=7700]
  0x0000017e07f9b990 GCTaskThread "GC Thread#0" [stack: 0x000000761d700000,0x000000761d800000] [id=13196]
  0x0000017e07faa960 ConcurrentGCThread "G1 Main Marker" [stack: 0x000000761d800000,0x000000761d900000] [id=2076]
  0x0000017e07fab550 ConcurrentGCThread "G1 Conc#0" [stack: 0x000000761d900000,0x000000761da00000] [id=12884]
  0x0000017e08011170 ConcurrentGCThread "G1 Refine#0" [stack: 0x000000761da00000,0x000000761db00000] [id=928]
  0x0000017e08012c20 ConcurrentGCThread "G1 Young RemSet Sampling" [stack: 0x000000761db00000,0x000000761dc00000] [id=4516]

Threads with active compile tasks:

VM state: not at safepoint (normal execution)

VM Mutex/Monitor currently owned by a thread: None

Heap address: 0x0000000090c00000, size: 1780 MB, Compressed Oops mode: 32-bit
CDS archive(s) mapped at: [0x0000000800000000-0x0000000800b50000-0x0000000800b50000), size 11862016, SharedBaseAddress: 0x0000000800000000, ArchiveRelocationMode: 0.
Compressed class space mapped at: 0x0000000800b50000-0x0000000840b50000, size: 1073741824
Narrow klass base: 0x0000000800000000, Narrow klass shift: 3, Narrow klass range: 0x100000000

GC Precious Log:
 CPUs: 4 total, 4 available
 Memory: 7119M
 Large Page Support: Disabled
 NUMA Support: Disabled
 Compressed Oops: Enabled (32-bit)
 Heap Region Size: 1M
 Heap Min Capacity: 8M
 Heap Initial Capacity: 112M
 Heap Max Capacity: 1780M
 Pre-touch: Disabled
 Parallel Workers: 4
 Concurrent Workers: 1
 Concurrent Refinement Workers: 4
 Periodic GC: Disabled

Heap:
 garbage-first heap   total 114688K, used 9216K [0x0000000090c00000, 0x0000000100000000)
  region size 1024K, 10 young (10240K), 0 survivors (0K)
 Metaspace       used 1748K, capacity 4686K, committed 4864K, reserved 1056768K
  class space    used 151K, capacity 409K, committed 512K, reserved 1048576K

Heap Regions: E=young(eden), S=young(survivor), O=old, HS=humongous(starts), HC=humongous(continues), CS=collection set, F=free, OA=open archive, CA=closed archive, TAMS=top-at-mark-start (previous, next)
|   0|0x0000000090c00000, 0x0000000090c00000, 0x0000000090d00000|  0%| F|  |TAMS 0x0000000090c00000, 0x0000000090c00000| Untracked 
|   1|0x0000000090d00000, 0x0000000090d00000, 0x0000000090e00000|  0%| F|  |TAMS 0x0000000090d00000, 0x0000000090d00000| Untracked 
|   2|0x0000000090e00000, 0x0000000090e00000, 0x0000000090f00000|  0%| F|  |TAMS 0x0000000090e00000, 0x0000000090e00000| Untracked 
|   3|0x0000000090f00000, 0x0000000090f00000, 0x0000000091000000|  0%| F|  |TAMS 0x0000000090f00000, 0x0000000090f00000| Untracked 
|   4|0x0000000091000000, 0x0000000091000000, 0x0000000091100000|  0%| F|  |TAMS 0x0000000091000000, 0x0000000091000000| Untracked 
|   5|0x0000000091100000, 0x0000000091100000, 0x0000000091200000|  0%| F|  |TAMS 0x0000000091100000, 0x0000000091100000| Untracked 
|   6|0x0000000091200000, 0x0000000091200000, 0x0000000091300000|  0%| F|  |TAMS 0x0000000091200000, 0x0000000091200000| Untracked 
|   7|0x0000000091300000, 0x0000000091300000, 0x0000000091400000|  0%| F|  |TAMS 0x0000000091300000, 0x0000000091300000| Untracked 
|   8|0x0000000091400000, 0x0000000091400000, 0x0000000091500000|  0%| F|  |TAMS 0x0000000091400000, 0x0000000091400000| Untracked 
|   9|0x0000000091500000, 0x0000000091500000, 0x0000000091600000|  0%| F|  |TAMS 0x0000000091500000, 0x0000000091500000| Untracked 
|  10|0x0000000091600000, 0x0000000091600000, 0x0000000091700000|  0%| F|  |TAMS 0x0000000091600000, 0x0000000091600000| Untracked 
|  11|0x0000000091700000, 0x0000000091700000, 0x0000000091800000|  0%| F|  |TAMS 0x0000000091700000, 0x0000000091700000| Untracked 
|  12|0x0000000091800000, 0x0000000091800000, 0x0000000091900000|  0%| F|  |TAMS 0x0000000091800000, 0x0000000091800000| Untracked 
|  13|0x0000000091900000, 0x0000000091900000, 0x0000000091a00000|  0%| F|  |TAMS 0x0000000091900000, 0x0000000091900000| Untracked 
|  14|0x0000000091a00000, 0x0000000091a00000, 0x0000000091b00000|  0%| F|  |TAMS 0x0000000091a00000, 0x0000000091a00000| Untracked 
|  15|0x0000000091b00000, 0x0000000091b00000, 0x0000000091c00000|  0%| F|  |TAMS 0x0000000091b00000, 0x0000000091b00000| Untracked 
|  16|0x0000000091c00000, 0x0000000091c00000, 0x0000000091d00000|  0%| F|  |TAMS 0x0000000091c00000, 0x0000000091c00000| Untracked 
|  17|0x0000000091d00000, 0x0000000091d00000, 0x0000000091e00000|  0%| F|  |TAMS 0x0000000091d00000, 0x0000000091d00000| Untracked 
|  18|0x0000000091e00000, 0x0000000091e00000, 0x0000000091f00000|  0%| F|  |TAMS 0x0000000091e00000, 0x0000000091e00000| Untracked 
|  19|0x0000000091f00000, 0x0000000091f00000, 0x0000000092000000|  0%| F|  |TAMS 0x0000000091f00000, 0x0000000091f00000| Untracked 
|  20|0x0000000092000000, 0x0000000092000000, 0x0000000092100000|  0%| F|  |TAMS 0x0000000092000000, 0x0000000092000000| Untracked 
|  21|0x0000000092100000, 0x0000000092100000, 0x0000000092200000|  0%| F|  |TAMS 0x0000000092100000, 0x0000000092100000| Untracked 
|  22|0x0000000092200000, 0x0000000092200000, 0x0000000092300000|  0%| F|  |TAMS 0x0000000092200000, 0x0000000092200000| Untracked 
|  23|0x0000000092300000, 0x0000000092300000, 0x0000000092400000|  0%| F|  |TAMS 0x0000000092300000, 0x0000000092300000| Untracked 
|  24|0x0000000092400000, 0x0000000092400000, 0x0000000092500000|  0%| F|  |TAMS 0x0000000092400000, 0x0000000092400000| Untracked 
|  25|0x0000000092500000, 0x0000000092500000, 0x0000000092600000|  0%| F|  |TAMS 0x0000000092500000, 0x0000000092500000| Untracked 
|  26|0x0000000092600000, 0x0000000092600000, 0x0000000092700000|  0%| F|  |TAMS 0x0000000092600000, 0x0000000092600000| Untracked 
|  27|0x0000000092700000, 0x0000000092700000, 0x0000000092800000|  0%| F|  |TAMS 0x0000000092700000, 0x0000000092700000| Untracked 
|  28|0x0000000092800000, 0x0000000092800000, 0x0000000092900000|  0%| F|  |TAMS 0x0000000092800000, 0x0000000092800000| Untracked 
|  29|0x0000000092900000, 0x0000000092900000, 0x0000000092a00000|  0%| F|  |TAMS 0x0000000092900000, 0x0000000092900000| Untracked 
|  30|0x0000000092a00000, 0x0000000092a00000, 0x0000000092b00000|  0%| F|  |TAMS 0x0000000092a00000, 0x0000000092a00000| Untracked 
|  31|0x0000000092b00000, 0x0000000092b00000, 0x0000000092c00000|  0%| F|  |TAMS 0x0000000092b00000, 0x0000000092b00000| Untracked 
|  32|0x0000000092c00000, 0x0000000092c00000, 0x0000000092d00000|  0%| F|  |TAMS 0x0000000092c00000, 0x0000000092c00000| Untracked 
|  33|0x0000000092d00000, 0x0000000092d00000, 0x0000000092e00000|  0%| F|  |TAMS 0x0000000092d00000, 0x0000000092d00000| Untracked 
|  34|0x0000000092e00000, 0x0000000092e00000, 0x0000000092f00000|  0%| F|  |TAMS 0x0000000092e00000, 0x0000000092e00000| Untracked 
|  35|0x0000000092f00000, 0x0000000092f00000, 0x0000000093000000|  0%| F|  |TAMS 0x0000000092f00000, 0x0000000092f00000| Untracked 
|  36|0x0000000093000000, 0x0000000093000000, 0x0000000093100000|  0%| F|  |TAMS 0x0000000093000000, 0x0000000093000000| Untracked 
|  37|0x0000000093100000, 0x0000000093100000, 0x0000000093200000|  0%| F|  |TAMS 0x0000000093100000, 0x0000000093100000| Untracked 
|  38|0x0000000093200000, 0x0000000093200000, 0x0000000093300000|  0%| F|  |TAMS 0x0000000093200000, 0x0000000093200000| Untracked 
|  39|0x0000000093300000, 0x0000000093300000, 0x0000000093400000|  0%| F|  |TAMS 0x0000000093300000, 0x0000000093300000| Untracked 
|  40|0x0000000093400000, 0x0000000093400000, 0x0000000093500000|  0%| F|  |TAMS 0x0000000093400000, 0x0000000093400000| Untracked 
|  41|0x0000000093500000, 0x0000000093500000, 0x0000000093600000|  0%| F|  |TAMS 0x0000000093500000, 0x0000000093500000| Untracked 
|  42|0x0000000093600000, 0x0000000093600000, 0x0000000093700000|  0%| F|  |TAMS 0x0000000093600000, 0x0000000093600000| Untracked 
|  43|0x0000000093700000, 0x0000000093700000, 0x0000000093800000|  0%| F|  |TAMS 0x0000000093700000, 0x0000000093700000| Untracked 
|  44|0x0000000093800000, 0x0000000093800000, 0x0000000093900000|  0%| F|  |TAMS 0x0000000093800000, 0x0000000093800000| Untracked 
|  45|0x0000000093900000, 0x0000000093900000, 0x0000000093a00000|  0%| F|  |TAMS 0x0000000093900000, 0x0000000093900000| Untracked 
|  46|0x0000000093a00000, 0x0000000093a00000, 0x0000000093b00000|  0%| F|  |TAMS 0x0000000093a00000, 0x0000000093a00000| Untracked 
|  47|0x0000000093b00000, 0x0000000093b00000, 0x0000000093c00000|  0%| F|  |TAMS 0x0000000093b00000, 0x0000000093b00000| Untracked 
|  48|0x0000000093c00000, 0x0000000093c00000, 0x0000000093d00000|  0%| F|  |TAMS 0x0000000093c00000, 0x0000000093c00000| Untracked 
|  49|0x0000000093d00000, 0x0000000093d00000, 0x0000000093e00000|  0%| F|  |TAMS 0x0000000093d00000, 0x0000000093d00000| Untracked 
|  50|0x0000000093e00000, 0x0000000093e00000, 0x0000000093f00000|  0%| F|  |TAMS 0x0000000093e00000, 0x0000000093e00000| Untracked 
|  51|0x0000000093f00000, 0x0000000093f00000, 0x0000000094000000|  0%| F|  |TAMS 0x0000000093f00000, 0x0000000093f00000| Untracked 
|  52|0x0000000094000000, 0x0000000094000000, 0x0000000094100000|  0%| F|  |TAMS 0x0000000094000000, 0x0000000094000000| Untracked 
|  53|0x0000000094100000, 0x0000000094100000, 0x0000000094200000|  0%| F|  |TAMS 0x0000000094100000, 0x0000000094100000| Untracked 
|  54|0x0000000094200000, 0x0000000094200000, 0x0000000094300000|  0%| F|  |TAMS 0x0000000094200000, 0x0000000094200000| Untracked 
|  55|0x0000000094300000, 0x0000000094300000, 0x0000000094400000|  0%| F|  |TAMS 0x0000000094300000, 0x0000000094300000| Untracked 
|  56|0x0000000094400000, 0x0000000094400000, 0x0000000094500000|  0%| F|  |TAMS 0x0000000094400000, 0x0000000094400000| Untracked 
|  57|0x0000000094500000, 0x0000000094500000, 0x0000000094600000|  0%| F|  |TAMS 0x0000000094500000, 0x0000000094500000| Untracked 
|  58|0x0000000094600000, 0x0000000094600000, 0x0000000094700000|  0%| F|  |TAMS 0x0000000094600000, 0x0000000094600000| Untracked 
|  59|0x0000000094700000, 0x0000000094700000, 0x0000000094800000|  0%| F|  |TAMS 0x0000000094700000, 0x0000000094700000| Untracked 
|  60|0x0000000094800000, 0x0000000094800000, 0x0000000094900000|  0%| F|  |TAMS 0x0000000094800000, 0x0000000094800000| Untracked 
|  61|0x0000000094900000, 0x0000000094900000, 0x0000000094a00000|  0%| F|  |TAMS 0x0000000094900000, 0x0000000094900000| Untracked 
|  62|0x0000000094a00000, 0x0000000094a00000, 0x0000000094b00000|  0%| F|  |TAMS 0x0000000094a00000, 0x0000000094a00000| Untracked 
|  63|0x0000000094b00000, 0x0000000094b00000, 0x0000000094c00000|  0%| F|  |TAMS 0x0000000094b00000, 0x0000000094b00000| Untracked 
|  64|0x0000000094c00000, 0x0000000094c00000, 0x0000000094d00000|  0%| F|  |TAMS 0x0000000094c00000, 0x0000000094c00000| Untracked 
|  65|0x0000000094d00000, 0x0000000094d00000, 0x0000000094e00000|  0%| F|  |TAMS 0x0000000094d00000, 0x0000000094d00000| Untracked 
|  66|0x0000000094e00000, 0x0000000094e00000, 0x0000000094f00000|  0%| F|  |TAMS 0x0000000094e00000, 0x0000000094e00000| Untracked 
|  67|0x0000000094f00000, 0x0000000094f00000, 0x0000000095000000|  0%| F|  |TAMS 0x0000000094f00000, 0x0000000094f00000| Untracked 
|  68|0x0000000095000000, 0x0000000095000000, 0x0000000095100000|  0%| F|  |TAMS 0x0000000095000000, 0x0000000095000000| Untracked 
|  69|0x0000000095100000, 0x0000000095100000, 0x0000000095200000|  0%| F|  |TAMS 0x0000000095100000, 0x0000000095100000| Untracked 
|  70|0x0000000095200000, 0x0000000095200000, 0x0000000095300000|  0%| F|  |TAMS 0x0000000095200000, 0x0000000095200000| Untracked 
|  71|0x0000000095300000, 0x0000000095300000, 0x0000000095400000|  0%| F|  |TAMS 0x0000000095300000, 0x0000000095300000| Untracked 
|  72|0x0000000095400000, 0x0000000095400000, 0x0000000095500000|  0%| F|  |TAMS 0x0000000095400000, 0x0000000095400000| Untracked 
|  73|0x0000000095500000, 0x0000000095500000, 0x0000000095600000|  0%| F|  |TAMS 0x0000000095500000, 0x0000000095500000| Untracked 
|  74|0x0000000095600000, 0x0000000095600000, 0x0000000095700000|  0%| F|  |TAMS 0x0000000095600000, 0x0000000095600000| Untracked 
|  75|0x0000000095700000, 0x0000000095700000, 0x0000000095800000|  0%| F|  |TAMS 0x0000000095700000, 0x0000000095700000| Untracked 
|  76|0x0000000095800000, 0x0000000095800000, 0x0000000095900000|  0%| F|  |TAMS 0x0000000095800000, 0x0000000095800000| Untracked 
|  77|0x0000000095900000, 0x0000000095900000, 0x0000000095a00000|  0%| F|  |TAMS 0x0000000095900000, 0x0000000095900000| Untracked 
|  78|0x0000000095a00000, 0x0000000095a00000, 0x0000000095b00000|  0%| F|  |TAMS 0x0000000095a00000, 0x0000000095a00000| Untracked 
|  79|0x0000000095b00000, 0x0000000095b00000, 0x0000000095c00000|  0%| F|  |TAMS 0x0000000095b00000, 0x0000000095b00000| Untracked 
|  80|0x0000000095c00000, 0x0000000095c00000, 0x0000000095d00000|  0%| F|  |TAMS 0x0000000095c00000, 0x0000000095c00000| Untracked 
|  81|0x0000000095d00000, 0x0000000095d00000, 0x0000000095e00000|  0%| F|  |TAMS 0x0000000095d00000, 0x0000000095d00000| Untracked 
|  82|0x0000000095e00000, 0x0000000095e00000, 0x0000000095f00000|  0%| F|  |TAMS 0x0000000095e00000, 0x0000000095e00000| Untracked 
|  83|0x0000000095f00000, 0x0000000095f00000, 0x0000000096000000|  0%| F|  |TAMS 0x0000000095f00000, 0x0000000095f00000| Untracked 
|  84|0x0000000096000000, 0x0000000096000000, 0x0000000096100000|  0%| F|  |TAMS 0x0000000096000000, 0x0000000096000000| Untracked 
|  85|0x0000000096100000, 0x0000000096100000, 0x0000000096200000|  0%| F|  |TAMS 0x0000000096100000, 0x0000000096100000| Untracked 
|  86|0x0000000096200000, 0x0000000096200000, 0x0000000096300000|  0%| F|  |TAMS 0x0000000096200000, 0x0000000096200000| Untracked 
|  87|0x0000000096300000, 0x0000000096300000, 0x0000000096400000|  0%| F|  |TAMS 0x0000000096300000, 0x0000000096300000| Untracked 
|  88|0x0000000096400000, 0x0000000096400000, 0x0000000096500000|  0%| F|  |TAMS 0x0000000096400000, 0x0000000096400000| Untracked 
|  89|0x0000000096500000, 0x0000000096500000, 0x0000000096600000|  0%| F|  |TAMS 0x0000000096500000, 0x0000000096500000| Untracked 
|  90|0x0000000096600000, 0x0000000096600000, 0x0000000096700000|  0%| F|  |TAMS 0x0000000096600000, 0x0000000096600000| Untracked 
|  91|0x0000000096700000, 0x0000000096700000, 0x0000000096800000|  0%| F|  |TAMS 0x0000000096700000, 0x0000000096700000| Untracked 
|  92|0x0000000096800000, 0x0000000096800000, 0x0000000096900000|  0%| F|  |TAMS 0x0000000096800000, 0x0000000096800000| Untracked 
|  93|0x0000000096900000, 0x0000000096900000, 0x0000000096a00000|  0%| F|  |TAMS 0x0000000096900000, 0x0000000096900000| Untracked 
|  94|0x0000000096a00000, 0x0000000096a00000, 0x0000000096b00000|  0%| F|  |TAMS 0x0000000096a00000, 0x0000000096a00000| Untracked 
|  95|0x0000000096b00000, 0x0000000096b00000, 0x0000000096c00000|  0%| F|  |TAMS 0x0000000096b00000, 0x0000000096b00000| Untracked 
|  96|0x0000000096c00000, 0x0000000096c00000, 0x0000000096d00000|  0%| F|  |TAMS 0x0000000096c00000, 0x0000000096c00000| Untracked 
|  97|0x0000000096d00000, 0x0000000096d00000, 0x0000000096e00000|  0%| F|  |TAMS 0x0000000096d00000, 0x0000000096d00000| Untracked 
|  98|0x0000000096e00000, 0x0000000096e00000, 0x0000000096f00000|  0%| F|  |TAMS 0x0000000096e00000, 0x0000000096e00000| Untracked 
|  99|0x0000000096f00000, 0x0000000096f00000, 0x0000000097000000|  0%| F|  |TAMS 0x0000000096f00000, 0x0000000096f00000| Untracked 
| 100|0x0000000097000000, 0x0000000097000000, 0x0000000097100000|  0%| F|  |TAMS 0x0000000097000000, 0x0000000097000000| Untracked 
| 101|0x0000000097100000, 0x0000000097100000, 0x0000000097200000|  0%| F|  |TAMS 0x0000000097100000, 0x0000000097100000| Untracked 
| 102|0x0000000097200000, 0x0000000097285a20, 0x0000000097300000| 52%| E|  |TAMS 0x0000000097200000, 0x0000000097200000| Complete 
| 103|0x0000000097300000, 0x0000000097400000, 0x0000000097400000|100%| E|CS|TAMS 0x0000000097300000, 0x0000000097300000| Complete 
| 104|0x0000000097400000, 0x0000000097500000, 0x0000000097500000|100%| E|CS|TAMS 0x0000000097400000, 0x0000000097400000| Complete 
| 105|0x0000000097500000, 0x0000000097600000, 0x0000000097600000|100%| E|CS|TAMS 0x0000000097500000, 0x0000000097500000| Complete 
| 106|0x0000000097600000, 0x0000000097700000, 0x0000000097700000|100%| E|CS|TAMS 0x0000000097600000, 0x0000000097600000| Complete 
| 107|0x0000000097700000, 0x0000000097800000, 0x0000000097800000|100%| E|CS|TAMS 0x0000000097700000, 0x0000000097700000| Complete 
| 108|0x0000000097800000, 0x0000000097900000, 0x0000000097900000|100%| E|CS|TAMS 0x0000000097800000, 0x0000000097800000| Complete 
| 109|0x0000000097900000, 0x0000000097a00000, 0x0000000097a00000|100%| E|CS|TAMS 0x0000000097900000, 0x0000000097900000| Complete 
| 110|0x0000000097a00000, 0x0000000097b00000, 0x0000000097b00000|100%| E|CS|TAMS 0x0000000097a00000, 0x0000000097a00000| Complete 
| 111|0x0000000097b00000, 0x0000000097c00000, 0x0000000097c00000|100%| E|CS|TAMS 0x0000000097b00000, 0x0000000097b00000| Complete 

Card table byte_map: [0x0000017e21320000,0x0000017e216a0000] _byte_map_base: 0x0000017e20e9a000

Marking Bits (Prev, Next): (CMBitMap*) 0x0000017e07f9c180, (CMBitMap*) 0x0000017e07f9c1c0
 Prev Bits: [0x0000017e21a20000, 0x0000017e235f0000)
 Next Bits: [0x0000017e235f0000, 0x0000017e251c0000)

Polling page: 0x0000017e11950000

Metaspace:

Usage:
  Non-class:      4.18 MB capacity,     1.56 MB ( 37%) used,     2.61 MB ( 63%) free+waste,     2.56 KB ( <1%) overhead. 
      Class:    409.00 KB capacity,   151.87 KB ( 37%) used,   255.82 KB ( 63%) free+waste,     1.31 KB ( <1%) overhead. 
       Both:      4.58 MB capacity,     1.71 MB ( 37%) used,     2.86 MB ( 63%) free+waste,     3.88 KB ( <1%) overhead. 

Virtual space:
  Non-class space:        8.00 MB reserved,       4.25 MB ( 53%) committed 
      Class space:        1.00 GB reserved,     512.00 KB ( <1%) committed 
             Both:        1.01 GB reserved,       4.75 MB ( <1%) committed 

Chunk freelists:
   Non-Class:  11.00 KB
       Class:  1.00 KB
        Both:  12.00 KB

MaxMetaspaceSize: 17179869184.00 GB
CompressedClassSpaceSize: 1.00 GB

CodeHeap 'non-profiled nmethods': size=120000Kb used=332Kb max_used=332Kb free=119667Kb
 bounds [0x0000017e19440000, 0x0000017e196b0000, 0x0000017e20970000]
CodeHeap 'profiled nmethods': size=120000Kb used=1419Kb max_used=1419Kb free=118580Kb
 bounds [0x0000017e11f10000, 0x0000017e12180000, 0x0000017e19440000]
CodeHeap 'non-nmethods': size=5760Kb used=1135Kb max_used=1188Kb free=4624Kb
 bounds [0x0000017e11970000, 0x0000017e11be0000, 0x0000017e11f10000]
 total_blobs=1291 nmethods=907 adapters=298
 compilation: enabled
              stopped_count=0, restarted_count=0
 full_count=0

Compilation events (20 events):
Event: 6.535 Thread 0x0000017e277cb230  899       3       java.nio.CharBuffer::<init> (24 bytes)
Event: 6.536 Thread 0x0000017e277cb230 nmethod 899 0x0000017e1206de10 code [0x0000017e1206dfc0, 0x0000017e1206e168]
Event: 6.545 Thread 0x0000017e277cb230  900       3       java.util.logging.Logger::getLogger (8 bytes)
Event: 6.546 Thread 0x0000017e277cb230 nmethod 900 0x0000017e1206e210 code [0x0000017e1206e3c0, 0x0000017e1206e558]
Event: 6.546 Thread 0x0000017e277cb230  901       3       java.util.logging.Logger::getLogger (7 bytes)
Event: 6.546 Thread 0x0000017e277cb230 nmethod 901 0x0000017e1206e690 code [0x0000017e1206e840, 0x0000017e1206e948]
Event: 6.546 Thread 0x0000017e277cb230  902       3       java.util.logging.Logger::demandLogger (36 bytes)
Event: 6.547 Thread 0x0000017e277cb230 nmethod 902 0x0000017e1206ea10 code [0x0000017e1206eca0, 0x0000017e1206f798]
Event: 6.547 Thread 0x0000017e277cb230  903       3       jdk.internal.logger.DefaultLoggerFinder::isSystem (18 bytes)
Event: 6.548 Thread 0x0000017e277cb230 nmethod 903 0x0000017e1206fb90 code [0x0000017e1206fe00, 0x0000017e120708a8]
Event: 6.548 Thread 0x0000017e277cb230  904       3       jdk.internal.logger.DefaultLoggerFinder$1::<init> (10 bytes)
Event: 6.549 Thread 0x0000017e277cb230 nmethod 904 0x0000017e12070c90 code [0x0000017e12070e20, 0x0000017e12070fd8]
Event: 6.549 Thread 0x0000017e277cb230  905       3       jdk.internal.logger.DefaultLoggerFinder$1::run (5 bytes)
Event: 6.550 Thread 0x0000017e277cb230 nmethod 905 0x0000017e12071090 code [0x0000017e120712e0, 0x0000017e12071b48]
Event: 6.550 Thread 0x0000017e277cb230  906       3       java.lang.StackStreamFactory$AbstractStackWalker::fetchStackFrames (122 bytes)
Event: 6.551 Thread 0x0000017e277cb230 nmethod 906 0x0000017e12071e10 code [0x0000017e12072000, 0x0000017e12072538]
Event: 6.551 Thread 0x0000017e277cb230  907   !   3       java.io.PrintWriter::close (49 bytes)
Event: 6.552 Thread 0x0000017e277cb230 nmethod 907 0x0000017e12072710 code [0x0000017e120728e0, 0x0000017e12072cc8]
Event: 6.582 Thread 0x0000017e277c3420  908       4       java.lang.AbstractStringBuilder::append (77 bytes)
Event: 6.587 Thread 0x0000017e277c3420 nmethod 908 0x0000017e19492990 code [0x0000017e19492b20, 0x0000017e19493038]

GC Heap History (0 events):
No events

Deoptimization events (8 events):
Event: 3.924 Thread 0x0000017e07f5eba0 DEOPT PACKING pc=0x0000017e11fed3bb sp=0x000000761d6fec30
Event: 3.924 Thread 0x0000017e07f5eba0 DEOPT UNPACKING pc=0x0000017e119bdf3f sp=0x000000761d6fe0d0 mode 0
Event: 4.435 Thread 0x0000017e07f5eba0 DEOPT PACKING pc=0x0000017e1200bfb7 sp=0x000000761d6fe980
Event: 4.435 Thread 0x0000017e07f5eba0 DEOPT UNPACKING pc=0x0000017e119bdf3f sp=0x000000761d6fdf10 mode 0
Event: 5.091 Thread 0x0000017e07f5eba0 Uncommon trap: trap_request=0xffffffcc fr.pc=0x0000017e1948eeb0 relative=0x0000000000000310
Event: 5.091 Thread 0x0000017e07f5eba0 Uncommon trap: reason=intrinsic_or_type_checked_inlining action=make_not_entrant pc=0x0000017e1948eeb0 method=java.util.Arrays.copyOf([Ljava/lang/Object;ILjava/lang/Class;)[Ljava/lang/Object; @ 35 c2
Event: 5.091 Thread 0x0000017e07f5eba0 DEOPT PACKING pc=0x0000017e1948eeb0 sp=0x000000761d6fee80
Event: 5.091 Thread 0x0000017e07f5eba0 DEOPT UNPACKING pc=0x0000017e119be12f sp=0x000000761d6fee10 mode 2

Classes unloaded (0 events):
No events

Classes redefined (0 events):
No events

Internal exceptions (8 events):
Event: 0.195 Thread 0x0000017e07f5eba0 Exception <a 'sun/nio/fs/WindowsException'{0x0000000097a1b520}> (0x0000000097a1b520) 
thrown [./open/src/hotspot/share/prims/jni.cpp, line 578]
Event: 0.196 Thread 0x0000017e07f5eba0 Exception <a 'sun/nio/fs/WindowsException'{0x0000000097a1ba78}> (0x0000000097a1ba78) 
thrown [./open/src/hotspot/share/prims/jni.cpp, line 578]
Event: 0.200 Thread 0x0000017e07f5eba0 Exception <a 'sun/nio/fs/WindowsException'{0x0000000097a1ded0}> (0x0000000097a1ded0) 
thrown [./open/src/hotspot/share/prims/jni.cpp, line 578]
Event: 0.305 Thread 0x0000017e07f5eba0 Exception <a 'java/lang/NoSuchMethodError'{0x0000000097afe680}: 'void java.lang.invoke.DirectMethodHandle$Holder.invokeSpecial(java.lang.Object, java.lang.Object, java.lang.Object)'> (0x0000000097afe680) 
thrown [./open/src/hotspot/share/interpreter/linkResolver.cpp, line 782]
Event: 0.361 Thread 0x0000017e07f5eba0 Exception <a 'java/lang/NoSuchMethodError'{0x0000000097999478}: 'java.lang.Object java.lang.invoke.DirectMethodHandle$Holder.invokeStatic(java.lang.Object, int, java.lang.Object)'> (0x0000000097999478) 
thrown [./open/src/hotspot/share/interpreter/linkResolver.cpp, line 782]
Event: 0.368 Thread 0x0000017e07f5eba0 Exception <a 'java/lang/NoSuchMethodError'{0x00000000979a1358}: 'java.lang.Object java.lang.invoke.DirectMethodHandle$Holder.invokeStatic(java.lang.Object)'> (0x00000000979a1358) 
thrown [./open/src/hotspot/share/interpreter/linkResolver.cpp, line 782]
Event: 0.369 Thread 0x0000017e07f5eba0 Exception <a 'java/lang/NoSuchMethodError'{0x00000000979a4aa8}: 'java.lang.Object java.lang.invoke.DirectMethodHandle$Holder.invokeStaticInit(java.lang.Object)'> (0x00000000979a4aa8) 
thrown [./open/src/hotspot/share/interpreter/linkResolver.cpp, line 782]
Event: 0.419 Thread 0x0000017e07f5eba0 Exception <a 'java/lang/ClassNotFoundException'{0x00000000979ee2b0}: sun/util/logging/resources/spi/loggingProvider> (0x00000000979ee2b0) 
thrown [./open/src/hotspot/share/classfile/systemDictionary.cpp, line 295]

Events (20 events):
Event: 3.405 Executing VM operation: ICBufferFull
Event: 3.405 Executing VM operation: ICBufferFull done
Event: 3.486 Executing VM operation: ICBufferFull
Event: 3.486 Executing VM operation: ICBufferFull done
Event: 3.573 Executing VM operation: ICBufferFull
Event: 3.573 Executing VM operation: ICBufferFull done
Event: 3.660 Executing VM operation: ICBufferFull
Event: 3.660 Executing VM operation: ICBufferFull done
Event: 3.750 Executing VM operation: ICBufferFull
Event: 3.751 Executing VM operation: ICBufferFull done
Event: 3.829 Executing VM operation: ICBufferFull
Event: 3.830 Executing VM operation: ICBufferFull done
Event: 3.905 Executing VM operation: ICBufferFull
Event: 3.905 Executing VM operation: ICBufferFull done
Event: 3.992 Executing VM operation: ICBufferFull
Event: 3.992 Executing VM operation: ICBufferFull done
Event: 4.068 Executing VM operation: ICBufferFull
Event: 4.068 Executing VM operation: ICBufferFull done
Event: 4.162 Executing VM operation: ICBufferFull
Event: 4.162 Executing VM operation: ICBufferFull done


Dynamic libraries:
0x00007ff6aed90000 - 0x00007ff6aed9f000 	C:\Program Files\Java\jdk-15.0.1\bin\java.exe
0x00007ffe8cbf0000 - 0x00007ffe8cde5000 	C:\WINDOWS\SYSTEM32\ntdll.dll
0x00007ffe8b280000 - 0x00007ffe8b33d000 	C:\WINDOWS\System32\KERNEL32.DLL
0x00007ffe8a430000 - 0x00007ffe8a6f8000 	C:\WINDOWS\System32\KERNELBASE.dll
0x00007ffe8a330000 - 0x00007ffe8a430000 	C:\WINDOWS\System32\ucrtbase.dll
0x00007ffe7c0d0000 - 0x00007ffe7c0e9000 	C:\Program Files\Java\jdk-15.0.1\bin\VCRUNTIME140.dll
0x00007ffe853c0000 - 0x00007ffe853d8000 	C:\Program Files\Java\jdk-15.0.1\bin\jli.dll
0x00007ffe8c0b0000 - 0x00007ffe8c15c000 	C:\WINDOWS\System32\ADVAPI32.dll
0x00007ffe8b560000 - 0x00007ffe8b5fe000 	C:\WINDOWS\System32\msvcrt.dll
0x00007ffe8ca20000 - 0x00007ffe8cabb000 	C:\WINDOWS\System32\sechost.dll
0x00007ffe8b0c0000 - 0x00007ffe8b1eb000 	C:\WINDOWS\System32\RPCRT4.dll
0x00007ffe8b690000 - 0x00007ffe8b830000 	C:\WINDOWS\System32\USER32.dll
0x00007ffe8a920000 - 0x00007ffe8a942000 	C:\WINDOWS\System32\win32u.dll
0x00007ffe8b250000 - 0x00007ffe8b27a000 	C:\WINDOWS\System32\GDI32.dll
0x00007ffe8a810000 - 0x00007ffe8a91b000 	C:\WINDOWS\System32\gdi32full.dll
0x00007ffe8a950000 - 0x00007ffe8a9ed000 	C:\WINDOWS\System32\msvcp_win.dll
0x00007ffe77970000 - 0x00007ffe77c0a000 	C:\WINDOWS\WinSxS\amd64_microsoft.windows.common-controls_6595b64144ccf1df_6.0.19041.844_none_ca00b6081b84eb1d\COMCTL32.dll
0x00007ffe83950000 - 0x00007ffe8395a000 	C:\WINDOWS\SYSTEM32\VERSION.dll
0x00007ffe8b600000 - 0x00007ffe8b630000 	C:\WINDOWS\System32\IMM32.DLL
0x00007ffe85250000 - 0x00007ffe8525c000 	C:\Program Files\Java\jdk-15.0.1\bin\vcruntime140_1.dll
0x00007ffe4b330000 - 0x00007ffe4b3c1000 	C:\Program Files\Java\jdk-15.0.1\bin\msvcp140.dll
0x00007ffe34f80000 - 0x00007ffe35ade000 	C:\Program Files\Java\jdk-15.0.1\bin\server\jvm.dll
0x00007ffe8c180000 - 0x00007ffe8c188000 	C:\WINDOWS\System32\PSAPI.DLL
0x00007ffe7f000000 - 0x00007ffe7f027000 	C:\WINDOWS\SYSTEM32\WINMM.dll
0x00007ffe83200000 - 0x00007ffe83209000 	C:\WINDOWS\SYSTEM32\WSOCK32.dll
0x00007ffe8b830000 - 0x00007ffe8b89b000 	C:\WINDOWS\System32\WS2_32.dll
0x00007ffe88290000 - 0x00007ffe882a2000 	C:\WINDOWS\SYSTEM32\kernel.appcore.dll
0x00007ffe83d10000 - 0x00007ffe83d1a000 	C:\Program Files\Java\jdk-15.0.1\bin\jimage.dll
0x00007ffe78790000 - 0x00007ffe78974000 	C:\WINDOWS\SYSTEM32\DBGHELP.DLL
0x00007ffe78620000 - 0x00007ffe7864c000 	C:\WINDOWS\SYSTEM32\dbgcore.DLL
0x00007ffe8a790000 - 0x00007ffe8a810000 	C:\WINDOWS\System32\bcryptPrimitives.dll
0x00007ffe78d40000 - 0x00007ffe78d65000 	C:\Program Files\Java\jdk-15.0.1\bin\java.dll
0x00007ffe8b8a0000 - 0x00007ffe8bfe2000 	C:\WINDOWS\System32\SHELL32.dll
0x00007ffe88490000 - 0x00007ffe88c21000 	C:\WINDOWS\SYSTEM32\windows.storage.dll
0x00007ffe8c6c0000 - 0x00007ffe8ca15000 	C:\WINDOWS\System32\combase.dll
0x00007ffe89cd0000 - 0x00007ffe89cfc000 	C:\WINDOWS\SYSTEM32\Wldp.dll
0x00007ffe8c590000 - 0x00007ffe8c63e000 	C:\WINDOWS\System32\SHCORE.dll
0x00007ffe8b1f0000 - 0x00007ffe8b245000 	C:\WINDOWS\System32\shlwapi.dll
0x00007ffe8a270000 - 0x00007ffe8a28f000 	C:\WINDOWS\SYSTEM32\profapi.dll
0x00007ffe73ed0000 - 0x00007ffe73ee9000 	C:\Program Files\Java\jdk-15.0.1\bin\net.dll
0x00007ffe80f90000 - 0x00007ffe8109b000 	C:\WINDOWS\SYSTEM32\WINHTTP.dll
0x00007ffe89a40000 - 0x00007ffe89aaa000 	C:\WINDOWS\system32\mswsock.dll
0x00007ffe72ce0000 - 0x00007ffe72cf2000 	C:\Program Files\Java\jdk-15.0.1\bin\nio.dll
0x00007ffe72cc0000 - 0x00007ffe72cd8000 	C:\Program Files\Java\jdk-15.0.1\bin\zip.dll
0x00007ffe83ad0000 - 0x00007ffe83ae0000 	C:\Program Files\Java\jdk-15.0.1\bin\verify.dll
0x0000000071100000 - 0x0000000071125000 	C:\Users\thoma\.jssc\windows\jSSC-2.8_x86_64.dll

dbghelp: loaded successfully - version: 4.0.5 - missing functions: none
symbol engine: initialized successfully - sym options: 0x614 - pdb path: .;C:\Program Files\Java\jdk-15.0.1\bin;C:\WINDOWS\SYSTEM32;C:\WINDOWS\WinSxS\amd64_microsoft.windows.common-controls_6595b64144ccf1df_6.0.19041.844_none_ca00b6081b84eb1d;C:\Program Files\Java\jdk-15.0.1\bin\server;C:\Users\thoma\.jssc\windows

VM Arguments:
jvm_args: -Dfile.encoding=UTF-8 --module-path=C:\Users\thoma\OneDrive\Desktop\SCUOLA\prova_Comunicazione2\build\classes 
java_command: prova_comunicazione2.Prova_Comunicazione2
java_class_path (initial): C:\Program Files\Java\jre1.8.0_51\lib\ext\jssc-2.8.0.jar;C:\Users\thoma\OneDrive\Desktop\SCUOLA\prova_Comunicazione2\build\classes
Launcher Type: SUN_STANDARD

[Global flags]
     intx CICompilerCount                          = 3                                         {product} {ergonomic}
     uint ConcGCThreads                            = 1                                         {product} {ergonomic}
     uint G1ConcRefinementThreads                  = 4                                         {product} {ergonomic}
   size_t G1HeapRegionSize                         = 1048576                                   {product} {ergonomic}
    uintx GCDrainStackTargetSize                   = 64                                        {product} {ergonomic}
   size_t InitialHeapSize                          = 117440512                                 {product} {ergonomic}
   size_t MarkStackSize                            = 4194304                                   {product} {ergonomic}
   size_t MaxHeapSize                              = 1866465280                                {product} {ergonomic}
   size_t MaxNewSize                               = 1119879168                                {product} {ergonomic}
   size_t MinHeapDeltaBytes                        = 1048576                                   {product} {ergonomic}
   size_t MinHeapSize                              = 8388608                                   {product} {ergonomic}
    uintx NonNMethodCodeHeapSize                   = 5832780                                {pd product} {ergonomic}
    uintx NonProfiledCodeHeapSize                  = 122912730                              {pd product} {ergonomic}
    uintx ProfiledCodeHeapSize                     = 122912730                              {pd product} {ergonomic}
    uintx ReservedCodeCacheSize                    = 251658240                              {pd product} {ergonomic}
     bool SegmentedCodeCache                       = true                                      {product} {ergonomic}
   size_t SoftMaxHeapSize                          = 1866465280                             {manageable} {ergonomic}
     bool UseCompressedClassPointers               = true                                 {lp64_product} {ergonomic}
     bool UseCompressedOops                        = true                                 {lp64_product} {ergonomic}
     bool UseG1GC                                  = true                                      {product} {ergonomic}
     bool UseLargePagesIndividualAllocation        = false                                  {pd product} {ergonomic}

Logging:
Log output configuration:
 #0: stdout all=warning uptime,level,tags
 #1: stderr all=off uptime,level,tags

Environment Variables:
PATH=C:\ProgramData\Oracle\Java\javapath;C:\Program Files\Common Files\Oracle\Java\javapath;C:\Program Files (x86)\VMware\VMware Player\bin\;C:\WINDOWS\system32;C:\WINDOWS;C:\WINDOWS\System32\Wbem;C:\WINDOWS\System32\WindowsPowerShell\v1.0\;C:\WINDOWS\System32\OpenSSH\;C:\opencv\build\x64\vc14\bin;C:\Program Files\dotnet\;C:\Program Files\doxygen\bin;C:\Users\thoma\AppData\Local\Microsoft\WindowsApps;C:\Users\thoma\AppData\Local\GitHubDesktop\bin;C:\Users\thoma\AppData\Local\Programs\Microsoft VS Code\bin
USERNAME=thoma
OS=Windows_NT
PROCESSOR_IDENTIFIER=AMD64 Family 21 Model 101 Stepping 1, AuthenticAMD



---------------  S Y S T E M  ---------------

OS:
 Windows 10 , 64 bit Build 19041 (10.0.19041.928)
OS uptime: 5 days 13:34 hours

CPU: total 4 (initial active 4) (4 cores per cpu, 1 threads per core) family 21 model 101 stepping 1 microcode 0x0, cmov, cx8, fxsr, mmx, sse, sse2, sse3, ssse3, sse4.1, sse4.2, popcnt, vzeroupper, avx, avx2, aes, clmul, 3dnowpref, lzcnt, sse4a, tsc, tscinvbit, tscinv, bmi1, bmi2, fma, clflush

Memory: 4k page, system-wide physical 7119M (2029M free)
TotalPageFile size 12043M (AvailPageFile size 2628M)
current process WorkingSet (physical memory assigned to process): 45M, peak: 72M
current process commit charge ("private bytes"): 190M, peak: 225M

vm_info: Java HotSpot(TM) 64-Bit Server VM (15.0.1+9-18) for windows-amd64 JRE (15.0.1+9-18), built on Sep 15 2020 14:43:54 by "mach5one" with unknown MS VC++:1925

END.
